<testsuites name="Mocha Tests">
  <testsuite name="Simple Test" tests="6" errors="0" failures="0" skipped="0" timestamp="2019-03-04T03:27:02" time="2.558">
    <testcase classname="Simple Test" name="should return a 200 response" time="0.474">
    </testcase>
    <testcase classname="Simple Test" name="should return a 403 response" time="0.401">
    </testcase>
    <testcase classname="Simple Test" name="should be an object with keys and values" time="0.414">
    </testcase>
    <testcase classname="Simple Test" name="should have lon and lat of 144.93464, -37.839517" time="0.401">
    </testcase>
    <testcase classname="Simple Test" name="should have lon and lat of 144.93464, -37.839517" time="0.411">
    </testcase>
    <testcase classname="Simple Test" name="should have lon and lat of 144.93464, -37.839517" time="0.452">
    </testcase>
  </testsuite>
</testsuites>